# JRE version: OpenJDK Runtime Environment (21.0.4) (build 21.0.4+-12508038-b607.1)
# Java VM: OpenJDK 64-Bit Server VM (21.0.4+-12508038-b607.1, mixed mode, tiered, compressed oops, compressed class ptrs, g1 gc, windows-amd64)
GC Precious Log:
 CardTable entry size: 512
 Card Set container configuration: InlinePtr #cards 5 size 8 Array Of Cards #cards 12 size 40 Howl #buckets 4 coarsen threshold 1843 Howl Bitmap #cards 512 size 80 coarsen threshold 460 Card regions per heap region 1 cards per card region 2048
 CPUs: 8 total, 8 available
 Memory: 7975M
 Large Page Support: Disabled
 NUMA Support: Disabled
 Compressed Oops: Enabled (32-bit)
 Heap Region Size: 1M
 Heap Min Capacity: 8M
 Heap Initial Capacity: 126M
 Heap Max Capacity: 1994M
 Pre-touch: Disabled
 Parallel Workers: 8
 Concurrent Workers: 2
 Concurrent Refinement Workers: 8
 Periodic GC: Disabled
Heap:
 garbage-first heap   total 110592K, used 62914K [0x0000000083600000, 0x0000000100000000)
  region size 1024K, 9 young (9216K), 4 survivors (4096K)
 Metaspace       used 74674K, committed 75456K, reserved 1179648K
  class space    used 8380K, committed 8768K, reserved 1048576K
GC Heap History (20 events):
Event: 4.321 GC heap before
{Heap before GC invocations=20 (full 0):
 garbage-first heap   total 68608K, used 56114K [0x0000000083600000, 0x0000000100000000)
  region size 1024K, 26 young (26624K), 4 survivors (4096K)
 Metaspace       used 51057K, committed 51776K, reserved 1114112K
  class space    used 5918K, committed 6272K, reserved 1048576K
}
Event: 4.336 GC heap after
{Heap after GC invocations=21 (full 0):
 garbage-first heap   total 68608K, used 38400K [0x0000000083600000, 0x0000000100000000)
  region size 1024K, 4 young (4096K), 4 survivors (4096K)
 Metaspace       used 51057K, committed 51776K, reserved 1114112K
  class space    used 5918K, committed 6272K, reserved 1048576K
}
Event: 4.459 GC heap before
{Heap before GC invocations=21 (full 0):
 garbage-first heap   total 68608K, used 57856K [0x0000000083600000, 0x0000000100000000)
  region size 1024K, 23 young (23552K), 4 survivors (4096K)
 Metaspace       used 51377K, committed 52096K, reserved 1114112K
  class space    used 5941K, committed 6272K, reserved 1048576K
}
Event: 4.470 GC heap after
{Heap after GC invocations=22 (full 0):
 garbage-first heap   total 68608K, used 40630K [0x0000000083600000, 0x0000000100000000)
  region size 1024K, 2 young (2048K), 2 survivors (2048K)
 Metaspace       used 51377K, committed 52096K, reserved 1114112K
  class space    used 5941K, committed 6272K, reserved 1048576K
}
Event: 4.779 GC heap before
{Heap before GC invocations=23 (full 0):
 garbage-first heap   total 68608K, used 59062K [0x0000000083600000, 0x0000000100000000)
  region size 1024K, 21 young (21504K), 2 survivors (2048K)
 Metaspace       used 55670K, committed 56320K, reserved 1114112K
  class space    used 6532K, committed 6848K, reserved 1048576K
}
Event: 4.784 GC heap after
{Heap after GC invocations=24 (full 0):
 garbage-first heap   total 68608K, used 41075K [0x0000000083600000, 0x0000000100000000)
  region size 1024K, 3 young (3072K), 3 survivors (3072K)
 Metaspace       used 55670K, committed 56320K, reserved 1114112K
  class space    used 6532K, committed 6848K, reserved 1048576K
}
Event: 5.147 GC heap before
{Heap before GC invocations=24 (full 0):
 garbage-first heap   total 68608K, used 60531K [0x0000000083600000, 0x0000000100000000)
  region size 1024K, 22 young (22528K), 3 survivors (3072K)
 Metaspace       used 58359K, committed 59072K, reserved 1114112K
  class space    used 6876K, committed 7232K, reserved 1048576K
}
Event: 5.156 GC heap after
{Heap after GC invocations=25 (full 0):
 garbage-first heap   total 68608K, used 44653K [0x0000000083600000, 0x0000000100000000)
  region size 1024K, 3 young (3072K), 3 survivors (3072K)
 Metaspace       used 58359K, committed 59072K, reserved 1114112K
  class space    used 6876K, committed 7232K, reserved 1048576K
}
Event: 5.536 GC heap before
{Heap before GC invocations=25 (full 0):
 garbage-first heap   total 68608K, used 60013K [0x0000000083600000, 0x0000000100000000)
  region size 1024K, 18 young (18432K), 3 survivors (3072K)
 Metaspace       used 60440K, committed 61184K, reserved 1114112K
  class space    used 7166K, committed 7552K, reserved 1048576K
}
Event: 5.542 GC heap after
{Heap after GC invocations=26 (full 0):
 garbage-first heap   total 82944K, used 46432K [0x0000000083600000, 0x0000000100000000)
  region size 1024K, 2 young (2048K), 2 survivors (2048K)
 Metaspace       used 60440K, committed 61184K, reserved 1114112K
  class space    used 7166K, committed 7552K, reserved 1048576K
}
Event: 6.164 GC heap before
{Heap before GC invocations=27 (full 0):
 garbage-first heap   total 82944K, used 71008K [0x0000000083600000, 0x0000000100000000)
  region size 1024K, 26 young (26624K), 2 survivors (2048K)
 Metaspace       used 62690K, committed 63424K, reserved 1114112K
  class space    used 7351K, committed 7744K, reserved 1048576K
}
Event: 6.175 GC heap after
{Heap after GC invocations=28 (full 0):
 garbage-first heap   total 82944K, used 49694K [0x0000000083600000, 0x0000000100000000)
  region size 1024K, 4 young (4096K), 4 survivors (4096K)
 Metaspace       used 62690K, committed 63424K, reserved 1114112K
  class space    used 7351K, committed 7744K, reserved 1048576K
}
Event: 6.881 GC heap before
{Heap before GC invocations=28 (full 0):
 garbage-first heap   total 82944K, used 72222K [0x0000000083600000, 0x0000000100000000)
  region size 1024K, 26 young (26624K), 4 survivors (4096K)
 Metaspace       used 63956K, committed 64704K, reserved 1114112K
  class space    used 7364K, committed 7744K, reserved 1048576K
}
Event: 6.893 GC heap after
{Heap after GC invocations=29 (full 0):
 garbage-first heap   total 82944K, used 53504K [0x0000000083600000, 0x0000000100000000)
  region size 1024K, 4 young (4096K), 4 survivors (4096K)
 Metaspace       used 63956K, committed 64704K, reserved 1114112K
  class space    used 7364K, committed 7744K, reserved 1048576K
}
Event: 7.227 GC heap before
{Heap before GC invocations=29 (full 0):
 garbage-first heap   total 82944K, used 72960K [0x0000000083600000, 0x0000000100000000)
  region size 1024K, 23 young (23552K), 4 survivors (4096K)
 Metaspace       used 67141K, committed 67904K, reserved 1114112K
  class space    used 7680K, committed 8064K, reserved 1048576K
}
Event: 7.238 GC heap after
{Heap after GC invocations=30 (full 0):
 garbage-first heap   total 82944K, used 54936K [0x0000000083600000, 0x0000000100000000)
  region size 1024K, 2 young (2048K), 2 survivors (2048K)
 Metaspace       used 67141K, committed 67904K, reserved 1114112K
  class space    used 7680K, committed 8064K, reserved 1048576K
}
Event: 7.562 GC heap before
{Heap before GC invocations=31 (full 0):
 garbage-first heap   total 92160K, used 73368K [0x0000000083600000, 0x0000000100000000)
  region size 1024K, 21 young (21504K), 2 survivors (2048K)
 Metaspace       used 70598K, committed 71424K, reserved 1114112K
  class space    used 7992K, committed 8384K, reserved 1048576K
}
Event: 7.569 GC heap after
{Heap after GC invocations=32 (full 0):
 garbage-first heap   total 92160K, used 56654K [0x0000000083600000, 0x0000000100000000)
  region size 1024K, 3 young (3072K), 3 survivors (3072K)
 Metaspace       used 70598K, committed 71424K, reserved 1114112K
  class space    used 7992K, committed 8384K, reserved 1048576K
}
Event: 7.913 GC heap before
{Heap before GC invocations=32 (full 0):
 garbage-first heap   total 92160K, used 81230K [0x0000000083600000, 0x0000000100000000)
  region size 1024K, 27 young (27648K), 3 survivors (3072K)
 Metaspace       used 74254K, committed 75072K, reserved 1179648K
  class space    used 8360K, committed 8768K, reserved 1048576K
}
Event: 7.925 GC heap after
{Heap after GC invocations=33 (full 0):
 garbage-first heap   total 110592K, used 58818K [0x0000000083600000, 0x0000000100000000)
  region size 1024K, 4 young (4096K), 4 survivors (4096K)
 Metaspace       used 74254K, committed 75072K, reserved 1179648K
  class space    used 8360K, committed 8768K, reserved 1048576K
}

